[2025-08-13 07:27:28,872][hydra.utils][INFO] - Instantiating <cdvae.pl_data.datamodule.CrystDataModule>
[2025-08-13 07:28:01,232][hydra.utils][INFO] - Instantiating <cdvae.pl_data.datamodule.CrystDataModule>
[2025-08-13 07:28:29,837][hydra.utils][INFO] - Instantiating <cdvae.pl_data.datamodule.CrystDataModule>
[2025-08-13 08:04:22,437][hydra.utils][INFO] - Instantiating <cdvae.pl_modules.model.CDVAE>
[2025-08-13 08:45:55,696][hydra.utils][INFO] - Instantiating <cdvae.pl_data.datamodule.CrystDataModule>
[2025-08-13 09:21:40,056][hydra.utils][INFO] - Instantiating <cdvae.pl_modules.model.CDVAE>
[2025-08-13 09:22:12,259][hydra.utils][INFO] - Instantiating <cdvae.pl_data.datamodule.CrystDataModule>
[2025-08-13 09:57:27,582][hydra.utils][INFO] - Instantiating <cdvae.pl_modules.model.CDVAE>
[2025-08-13 10:04:11,939][hydra.utils][INFO] - Instantiating <cdvae.pl_data.datamodule.CrystDataModule>
[2025-08-13 10:40:14,251][hydra.utils][INFO] - Instantiating <cdvae.pl_modules.model.CDVAE>
[2025-08-13 10:40:42,951][hydra.utils][INFO] - Passing scaler from datamodule to model <StandardScalerTorch(means: -1.219802737236023, stds: 1.0293837785720825)>
[2025-08-13 10:40:42,953][hydra.utils][INFO] - Adding callback <LearningRateMonitor>
[2025-08-13 10:40:42,953][hydra.utils][INFO] - Adding callback <EarlyStopping>
[2025-08-13 10:40:42,956][hydra.utils][INFO] - Adding callback <ModelCheckpoint>
[2025-08-13 10:40:43,049][hydra.utils][INFO] - Instantiating <WandbLogger>
[2025-08-13 10:41:07,405][hydra.utils][INFO] - Instantiating <cdvae.pl_data.datamodule.CrystDataModule>
[2025-08-13 11:17:12,984][hydra.utils][INFO] - Instantiating <cdvae.pl_modules.model.CDVAE>
[2025-08-13 11:17:46,658][hydra.utils][INFO] - Passing scaler from datamodule to model <StandardScalerTorch(means: -1.219802737236023, stds: 1.0293837785720825)>
[2025-08-13 11:17:46,750][hydra.utils][INFO] - Adding callback <LearningRateMonitor>
[2025-08-13 11:17:46,750][hydra.utils][INFO] - Adding callback <EarlyStopping>
[2025-08-13 11:17:46,752][hydra.utils][INFO] - Adding callback <ModelCheckpoint>
[2025-08-13 11:17:46,756][hydra.utils][INFO] - Instantiating <WandbLogger>
[2025-08-13 11:19:16,797][hydra.utils][INFO] - Instantiating <cdvae.pl_data.datamodule.CrystDataModule>
[2025-08-13 11:55:41,210][hydra.utils][INFO] - Instantiating <cdvae.pl_modules.model.CDVAE>
[2025-08-13 11:56:05,650][hydra.utils][INFO] - Passing scaler from datamodule to model <StandardScalerTorch(means: -1.219802737236023, stds: 1.0293837785720825)>
[2025-08-13 11:56:05,652][hydra.utils][INFO] - Adding callback <LearningRateMonitor>
[2025-08-13 11:56:05,653][hydra.utils][INFO] - Adding callback <EarlyStopping>
[2025-08-13 11:56:05,655][hydra.utils][INFO] - Adding callback <ModelCheckpoint>
[2025-08-13 11:56:05,659][hydra.utils][INFO] - Instantiating <WandbLogger>
[2025-08-13 11:56:05,751][hydra.utils][INFO] - W&B is now watching <{cfg.logging.wandb_watch.log}>!
[2025-08-13 11:59:34,954][hydra.utils][INFO] - Instantiating the Trainer
[2025-08-13 12:01:56,472][hydra.utils][INFO] - Instantiating <cdvae.pl_data.datamodule.CrystDataModule>
